2019-08-12 14:13:00,250 - AddPackage - INFO - Insert package...
2019-08-12 14:13:00,252 - AddObject - INFO - Insert Object...
2019-08-12 14:13:00,266 - AddObject - INFO - [(136, 'Test', None, 1, '(107, )', datetime.datetime(2019, 8, 12, 14, 13))]
2019-08-12 14:13:00,269 - AddPackage - INFO - [(107, 'Test', None, datetime.datetime(2019, 8, 12, 14, 13))]
2019-08-12 14:13:00,270 - AddPackage - INFO - Done!
2019-08-15 10:56:49,538 - UpdatePackage - INFO - Program started
2019-08-15 10:56:49,538 - UpdatePackage - INFO - Update package...
2019-08-15 10:56:49,543 - UpdatePackage - INFO - [(2, 'NewPackage', None)]
2019-08-15 10:56:49,543 - UpdatePackage - INFO - Done!
2019-08-15 11:07:28,985 - AddAttribute - INFO - Program started
2019-08-15 11:07:28,986 - AddAttribute - INFO - Insert attribute...
2019-08-15 11:07:29,200 - AddAttribute - INFO - [(26, 1, 'first_attibute')]
2019-08-15 11:07:29,201 - AddAttribute - INFO - Done!
2019-08-15 11:07:38,858 - AddConnector - INFO - Program started
2019-08-15 11:07:38,858 - AddConnector - INFO - Add Connector...
2019-08-15 11:07:38,880 - AddConnector - INFO - [(23, 'example', 'app-link', 12, 13)]
2019-08-15 11:07:38,881 - AddConnector - INFO - Done
2019-08-15 11:08:03,573 - AddDiagram - INFO - Program started
2019-08-15 11:08:03,574 - AddDiagram - INFO - Add Diagram...
2019-08-15 11:08:03,592 - AddDiagram - INFO - [(20, 'twelve', 6, 'package', 'pac')]
2019-08-15 11:08:03,593 - AddDiagram - INFO - Done
2019-08-15 11:08:18,643 - AddDiagramObjects - INFO - Program started
2019-08-15 11:08:18,643 - AddDiagramObjects - INFO - Insert DiagramObject...
2019-08-15 11:08:18,655 - AddDiagramObjects - INFO - [(19, 101, 100)]
2019-08-15 11:08:18,656 - AddDiagramObjects - INFO - Done!
2019-08-15 11:11:26,596 - AddObject - INFO - Program started
2019-08-15 11:11:26,596 - AddObject - INFO - Insert Object...
2019-08-15 11:11:26,628 - AddObject - INFO - [(137, '1', 'example', 1, '1', datetime.datetime(2019, 8, 15, 11, 11, 27))]
2019-08-15 11:11:26,629 - AddObject - INFO - Done!
2019-08-15 11:12:13,235 - AddObject - INFO - Program started
2019-08-15 11:12:13,236 - AddObject - INFO - Insert Object...
2019-08-15 11:12:13,248 - AddObject - INFO - [(138, '1', 'example', 1, '1', datetime.datetime(2019, 8, 15, 11, 12, 13))]
2019-08-15 11:12:13,248 - AddObject - INFO - Done!
2019-08-15 11:12:49,409 - AddObject - INFO - Program started
2019-08-15 11:12:49,410 - AddObject - INFO - Insert Object...
2019-08-15 11:12:49,420 - AddObject - INFO - [(139, '1', 'example', 1, '1', datetime.datetime(2019, 8, 15, 11, 12, 49))]
2019-08-15 11:12:49,422 - AddObject - INFO - Done!
2019-08-15 11:12:57,474 - AddObject - INFO - Program started
2019-08-15 11:12:57,474 - AddObject - INFO - Insert Object...
2019-08-15 11:12:57,490 - AddObject - INFO - [(140, '1', '1', 1, '1', datetime.datetime(2019, 8, 15, 11, 12, 57))]
2019-08-15 11:12:57,491 - AddObject - INFO - Done!
2019-08-15 11:13:58,149 - AddObject - INFO - Program started
2019-08-15 12:33:02,818 - AddPackage - INFO - Insert package...
2019-08-15 12:33:02,820 - AddPackage - ERROR - Error!
Traceback (most recent call last):
  File "/Users/mariatrapicyna/Desktop/EA_backend/models/package.py", line 15, in add_package
    raise RuntimeError
RuntimeError
2019-08-15 12:33:02,821 - AddObject - INFO - Insert Object...
2019-08-15 12:33:02,831 - AddObject - INFO - [(141, 'Test', None, 1, '(108, )', datetime.datetime(2019, 8, 15, 12, 33, 3))]
2019-08-15 12:33:02,832 - AddPackage - INFO - [(108, 'Test', None, datetime.datetime(2019, 8, 15, 12, 33, 3))]
2019-08-15 12:33:02,833 - AddPackage - INFO - Done!
2019-08-15 12:33:46,519 - AddPackage - INFO - Insert package...
2019-08-15 12:33:46,521 - AddPackage - ERROR - Error!
Traceback (most recent call last):
  File "/Users/mariatrapicyna/Desktop/EA_backend/models/package.py", line 15, in add_package
    raise RuntimeError
RuntimeError
2019-08-15 12:33:46,532 - AddObject - INFO - Insert Object...
2019-08-15 12:33:46,551 - AddObject - INFO - [(142, 'Test', None, 1, '(109, )', datetime.datetime(2019, 8, 15, 12, 33, 47))]
2019-08-15 12:33:46,553 - AddPackage - INFO - [(109, 'Test', None, datetime.datetime(2019, 8, 15, 12, 33, 47))]
2019-08-15 12:33:46,554 - AddPackage - INFO - Done!
2019-08-15 12:34:05,558 - AddPackage - INFO - Insert package...
2019-08-15 12:34:34,498 - AddPackage - INFO - Insert package...
2019-08-15 12:36:21,086 - UpdatePackage - INFO - Program started
2019-08-15 12:36:21,087 - UpdatePackage - INFO - Update package...
2019-08-15 12:36:21,090 - UpdatePackage - INFO - []
2019-08-15 12:37:15,509 - UpdatePackage - INFO - Program started
2019-08-15 12:37:15,510 - UpdatePackage - INFO - Update package...
2019-08-15 12:37:15,513 - UpdatePackage - INFO - []
2019-08-15 12:38:10,081 - UpdatePackage - INFO - Program started
2019-08-15 12:38:10,082 - UpdatePackage - INFO - Update package...
2019-08-15 12:38:38,028 - UpdatePackage - INFO - Program started
2019-08-15 12:38:38,028 - UpdatePackage - INFO - Update package...
2019-08-15 12:39:54,568 - UpdatePackage - INFO - Program started
2019-08-15 12:39:54,569 - UpdatePackage - INFO - Update package...
2019-08-15 12:42:48,781 - UpdatePackage - INFO - Program started
2019-08-15 12:42:48,781 - UpdatePackage - INFO - Update package...
2019-08-15 12:45:11,051 - UpdatePackage - INFO - Program started
2019-08-15 12:45:11,052 - UpdatePackage - INFO - Update package...
2019-08-15 12:45:11,053 - UpdatePackage - ERROR - Don't exist this package_id
2019-08-15 12:46:23,996 - UpdatePackage - INFO - Program started
2019-08-15 12:46:23,996 - UpdatePackage - INFO - Update package...
2019-08-15 12:46:23,997 - UpdatePackage - ERROR - Don't exist such package_id
2019-08-15 12:47:29,149 - UpdatePackage - INFO - Program started
2019-08-15 12:47:29,149 - UpdatePackage - INFO - Update package...
2019-08-15 12:47:29,150 - UpdatePackage - ERROR - Don't exist such package_id
2019-08-15 12:47:29,174 - UpdatePackage - INFO - [(2, 'NewPackage', None)]
2019-08-15 12:47:29,174 - UpdatePackage - INFO - Done!
2019-08-15 12:52:51,162 - UpdateObject - INFO - Program started
2019-08-15 12:52:51,162 - UpdateObject - INFO - Update object...
2019-08-15 12:52:51,164 - UpdateObject - ERROR - Don't exist such object_id
2019-08-15 12:52:51,165 - UpdateObject - INFO - []
2019-08-15 12:53:03,561 - UpdateObject - INFO - Program started
2019-08-15 12:53:03,562 - UpdateObject - INFO - Update object...
2019-08-15 12:53:03,563 - UpdateObject - ERROR - Don't exist such object_id
2019-08-15 12:53:03,569 - UpdateObject - INFO - [(1, 'executable', 'NewPackage', '2')]
2019-08-15 12:53:03,570 - UpdateObject - INFO - Done!
2019-08-15 13:07:13,561 - AddObject - INFO - Program started
2019-08-15 13:07:13,561 - AddObject - INFO - Insert Object...
2019-08-15 13:07:13,572 - AddObject - INFO - [(143, 'example', '1', 1, '1', datetime.datetime(2019, 8, 15, 13, 7, 14))]
2019-08-15 13:07:13,573 - AddObject - INFO - Done!
2019-08-15 13:07:23,781 - AddObject - INFO - Program started
2019-08-15 13:07:23,781 - AddObject - INFO - Insert Object...
2019-08-15 13:07:23,785 - AddObject - INFO - [(144, 'example', 'example', 1, '1', datetime.datetime(2019, 8, 15, 13, 7, 24))]
2019-08-15 13:07:23,785 - AddObject - INFO - Done!
2019-08-15 13:19:27,208 - AddPackage - INFO - Insert package...
2019-08-15 13:19:27,213 - AddObject - INFO - Insert Object...
2019-08-15 13:19:27,238 - AddObject - INFO - [(145, 'Test', None, 3, '(110, )', datetime.datetime(2019, 8, 15, 13, 19, 27))]
2019-08-15 13:19:27,241 - AddPackage - INFO - [(110, 'Test', None, datetime.datetime(2019, 8, 15, 13, 19, 27))]
2019-08-15 13:19:27,242 - AddPackage - INFO - Done!
2019-08-16 16:22:10,976 - AddPackage - INFO - Insert package...
2019-08-16 16:22:10,996 - AddObject - INFO - Insert Object...
2019-08-16 16:22:11,032 - AddObject - INFO - [(146, 'Test', None, 1, '(111, )', datetime.datetime(2019, 8, 16, 16, 22, 11), datetime.datetime(2019, 8, 16, 16, 22, 11))]
2019-08-16 16:22:11,034 - AddPackage - INFO - [(111, 'Test', None, datetime.datetime(2019, 8, 16, 16, 22, 11))]
2019-08-16 16:22:11,035 - AddPackage - INFO - Done!
2019-08-16 16:22:54,384 - AddPackage - INFO - Insert package...
2019-08-16 16:22:54,385 - AddObject - INFO - Insert Object...
2019-08-16 16:22:54,396 - AddObject - INFO - [(147, 'Test', None, 1, '(112, )', datetime.datetime(2019, 8, 16, 16, 22, 54), datetime.datetime(2019, 8, 16, 16, 22, 54))]
2019-08-16 16:22:54,400 - AddPackage - INFO - [(112, 'Test', None, datetime.datetime(2019, 8, 16, 16, 22, 54), datetime.datetime(2019, 8, 16, 16, 22, 54))]
2019-08-16 16:22:54,401 - AddPackage - INFO - Done!
2019-08-16 16:24:06,544 - AddObject - INFO - Program started
2019-08-16 16:24:06,544 - AddObject - INFO - Insert Object...
2019-08-16 16:24:06,549 - AddObject - INFO - [(148, 'example', 'example', 1, '1', datetime.datetime(2019, 8, 16, 16, 24, 7), datetime.datetime(2019, 8, 16, 16, 24, 7))]
2019-08-16 16:24:06,550 - AddObject - INFO - Done!
2019-08-16 16:24:15,180 - UpdateObject - INFO - Program started
2019-08-16 16:24:15,181 - UpdateObject - INFO - Update object...
2019-08-16 16:24:15,185 - UpdateObject - INFO - []
2019-08-16 16:25:15,424 - UpdateObject - INFO - Program started
2019-08-16 16:25:15,425 - UpdateObject - INFO - Update object...
2019-08-16 16:25:15,426 - UpdateObject - ERROR - Doesn't exist such object_id
2019-08-16 16:25:15,427 - UpdateObject - INFO - []
2019-08-16 16:25:48,407 - UpdateObject - INFO - Program started
2019-08-16 16:25:48,407 - UpdateObject - INFO - Update object...
2019-08-16 16:25:48,415 - UpdateObject - ERROR - Doesn't exist such object_id
2019-08-16 16:38:12,526 - UpdatePackage - INFO - Program started
2019-08-16 16:38:12,527 - UpdatePackage - INFO - Update package...
2019-08-16 16:38:12,536 - UpdateObject - INFO - Update object...
2019-08-16 16:38:32,674 - UpdatePackage - INFO - Program started
2019-08-16 16:38:32,675 - UpdatePackage - INFO - Update package...
2019-08-16 16:38:32,676 - UpdateObject - INFO - Update object...
2019-08-16 16:38:43,168 - UpdatePackage - INFO - Program started
2019-08-16 16:38:43,168 - UpdatePackage - INFO - Update package...
2019-08-16 16:38:43,175 - UpdateObject - INFO - Update object...
2019-08-16 16:38:43,187 - UpdateObject - INFO - [(1, 'executable', 'NewPackage', '2')]
2019-08-16 16:38:43,188 - UpdatePackage - INFO - [(2, 'NewPackage', None)]
2019-08-16 16:38:43,189 - UpdatePackage - INFO - Done!
2019-08-16 16:38:56,057 - UpdatePackage - INFO - Program started
2019-08-16 16:38:56,057 - UpdatePackage - INFO - Update package...
2019-08-16 16:38:56,059 - UpdateObject - INFO - Update object...
2019-08-16 16:38:56,071 - UpdateObject - INFO - [(1, 'executable', 'NewPackage', '2')]
2019-08-16 16:38:56,073 - UpdatePackage - INFO - [(2, 'NewPackage', None)]
2019-08-16 16:38:56,073 - UpdatePackage - INFO - Done!
2019-08-16 16:39:32,330 - UpdatePackage - INFO - Program started
2019-08-16 16:39:32,330 - UpdatePackage - INFO - Update package...
2019-08-16 16:39:32,332 - UpdateObject - INFO - Update object...
2019-08-16 16:39:32,342 - UpdateObject - INFO - [(1, 'executable', 'NewPackage', '2')]
2019-08-16 16:39:32,343 - UpdatePackage - INFO - [(2, 'NewPackage', None)]
2019-08-16 16:39:32,344 - UpdatePackage - INFO - Done!
