2019-08-12 14:13:00,250 - AddPackage - INFO - Insert package...
2019-08-12 14:13:00,252 - AddObject - INFO - Insert Object...
2019-08-12 14:13:00,266 - AddObject - INFO - [(136, 'Test', None, 1, '(107, )', datetime.datetime(2019, 8, 12, 14, 13))]
2019-08-12 14:13:00,269 - AddPackage - INFO - [(107, 'Test', None, datetime.datetime(2019, 8, 12, 14, 13))]
2019-08-12 14:13:00,270 - AddPackage - INFO - Done!
2019-08-15 10:56:49,538 - UpdatePackage - INFO - Program started
2019-08-15 10:56:49,538 - UpdatePackage - INFO - Update package...
2019-08-15 10:56:49,543 - UpdatePackage - INFO - [(2, 'NewPackage', None)]
2019-08-15 10:56:49,543 - UpdatePackage - INFO - Done!
2019-08-15 11:07:28,985 - AddAttribute - INFO - Program started
2019-08-15 11:07:28,986 - AddAttribute - INFO - Insert attribute...
2019-08-15 11:07:29,200 - AddAttribute - INFO - [(26, 1, 'first_attibute')]
2019-08-15 11:07:29,201 - AddAttribute - INFO - Done!
2019-08-15 11:07:38,858 - AddConnector - INFO - Program started
2019-08-15 11:07:38,858 - AddConnector - INFO - Add Connector...
2019-08-15 11:07:38,880 - AddConnector - INFO - [(23, 'example', 'app-link', 12, 13)]
2019-08-15 11:07:38,881 - AddConnector - INFO - Done
2019-08-15 11:08:03,573 - AddDiagram - INFO - Program started
2019-08-15 11:08:03,574 - AddDiagram - INFO - Add Diagram...
2019-08-15 11:08:03,592 - AddDiagram - INFO - [(20, 'twelve', 6, 'package', 'pac')]
2019-08-15 11:08:03,593 - AddDiagram - INFO - Done
2019-08-15 11:08:18,643 - AddDiagramObjects - INFO - Program started
2019-08-15 11:08:18,643 - AddDiagramObjects - INFO - Insert DiagramObject...
2019-08-15 11:08:18,655 - AddDiagramObjects - INFO - [(19, 101, 100)]
2019-08-15 11:08:18,656 - AddDiagramObjects - INFO - Done!
2019-08-15 11:11:26,596 - AddObject - INFO - Program started
2019-08-15 11:11:26,596 - AddObject - INFO - Insert Object...
2019-08-15 11:11:26,628 - AddObject - INFO - [(137, '1', 'example', 1, '1', datetime.datetime(2019, 8, 15, 11, 11, 27))]
2019-08-15 11:11:26,629 - AddObject - INFO - Done!
2019-08-15 11:12:13,235 - AddObject - INFO - Program started
2019-08-15 11:12:13,236 - AddObject - INFO - Insert Object...
2019-08-15 11:12:13,248 - AddObject - INFO - [(138, '1', 'example', 1, '1', datetime.datetime(2019, 8, 15, 11, 12, 13))]
2019-08-15 11:12:13,248 - AddObject - INFO - Done!
2019-08-15 11:12:49,409 - AddObject - INFO - Program started
2019-08-15 11:12:49,410 - AddObject - INFO - Insert Object...
2019-08-15 11:12:49,420 - AddObject - INFO - [(139, '1', 'example', 1, '1', datetime.datetime(2019, 8, 15, 11, 12, 49))]
2019-08-15 11:12:49,422 - AddObject - INFO - Done!
2019-08-15 11:12:57,474 - AddObject - INFO - Program started
2019-08-15 11:12:57,474 - AddObject - INFO - Insert Object...
2019-08-15 11:12:57,490 - AddObject - INFO - [(140, '1', '1', 1, '1', datetime.datetime(2019, 8, 15, 11, 12, 57))]
2019-08-15 11:12:57,491 - AddObject - INFO - Done!
2019-08-15 11:13:58,149 - AddObject - INFO - Program started
2019-08-15 12:33:02,818 - AddPackage - INFO - Insert package...
2019-08-15 12:33:02,820 - AddPackage - ERROR - Error!
Traceback (most recent call last):
  File "/Users/mariatrapicyna/Desktop/EA_backend/models/package.py", line 15, in add_package
    raise RuntimeError
RuntimeError
2019-08-15 12:33:02,821 - AddObject - INFO - Insert Object...
2019-08-15 12:33:02,831 - AddObject - INFO - [(141, 'Test', None, 1, '(108, )', datetime.datetime(2019, 8, 15, 12, 33, 3))]
2019-08-15 12:33:02,832 - AddPackage - INFO - [(108, 'Test', None, datetime.datetime(2019, 8, 15, 12, 33, 3))]
2019-08-15 12:33:02,833 - AddPackage - INFO - Done!
2019-08-15 12:33:46,519 - AddPackage - INFO - Insert package...
2019-08-15 12:33:46,521 - AddPackage - ERROR - Error!
Traceback (most recent call last):
  File "/Users/mariatrapicyna/Desktop/EA_backend/models/package.py", line 15, in add_package
    raise RuntimeError
RuntimeError
2019-08-15 12:33:46,532 - AddObject - INFO - Insert Object...
2019-08-15 12:33:46,551 - AddObject - INFO - [(142, 'Test', None, 1, '(109, )', datetime.datetime(2019, 8, 15, 12, 33, 47))]
2019-08-15 12:33:46,553 - AddPackage - INFO - [(109, 'Test', None, datetime.datetime(2019, 8, 15, 12, 33, 47))]
2019-08-15 12:33:46,554 - AddPackage - INFO - Done!
2019-08-15 12:34:05,558 - AddPackage - INFO - Insert package...
2019-08-15 12:34:34,498 - AddPackage - INFO - Insert package...
2019-08-15 12:36:21,086 - UpdatePackage - INFO - Program started
2019-08-15 12:36:21,087 - UpdatePackage - INFO - Update package...
2019-08-15 12:36:21,090 - UpdatePackage - INFO - []
2019-08-15 12:37:15,509 - UpdatePackage - INFO - Program started
2019-08-15 12:37:15,510 - UpdatePackage - INFO - Update package...
2019-08-15 12:37:15,513 - UpdatePackage - INFO - []
2019-08-15 12:38:10,081 - UpdatePackage - INFO - Program started
2019-08-15 12:38:10,082 - UpdatePackage - INFO - Update package...
2019-08-15 12:38:38,028 - UpdatePackage - INFO - Program started
2019-08-15 12:38:38,028 - UpdatePackage - INFO - Update package...
2019-08-15 12:39:54,568 - UpdatePackage - INFO - Program started
2019-08-15 12:39:54,569 - UpdatePackage - INFO - Update package...
2019-08-15 12:42:48,781 - UpdatePackage - INFO - Program started
2019-08-15 12:42:48,781 - UpdatePackage - INFO - Update package...
2019-08-15 12:45:11,051 - UpdatePackage - INFO - Program started
2019-08-15 12:45:11,052 - UpdatePackage - INFO - Update package...
2019-08-15 12:45:11,053 - UpdatePackage - ERROR - Don't exist this package_id
2019-08-15 12:46:23,996 - UpdatePackage - INFO - Program started
2019-08-15 12:46:23,996 - UpdatePackage - INFO - Update package...
2019-08-15 12:46:23,997 - UpdatePackage - ERROR - Don't exist such package_id
2019-08-15 12:47:29,149 - UpdatePackage - INFO - Program started
2019-08-15 12:47:29,149 - UpdatePackage - INFO - Update package...
2019-08-15 12:47:29,150 - UpdatePackage - ERROR - Don't exist such package_id
2019-08-15 12:47:29,174 - UpdatePackage - INFO - [(2, 'NewPackage', None)]
2019-08-15 12:47:29,174 - UpdatePackage - INFO - Done!
2019-08-15 12:52:51,162 - UpdateObject - INFO - Program started
2019-08-15 12:52:51,162 - UpdateObject - INFO - Update object...
2019-08-15 12:52:51,164 - UpdateObject - ERROR - Don't exist such object_id
2019-08-15 12:52:51,165 - UpdateObject - INFO - []
2019-08-15 12:53:03,561 - UpdateObject - INFO - Program started
2019-08-15 12:53:03,562 - UpdateObject - INFO - Update object...
2019-08-15 12:53:03,563 - UpdateObject - ERROR - Don't exist such object_id
2019-08-15 12:53:03,569 - UpdateObject - INFO - [(1, 'executable', 'NewPackage', '2')]
2019-08-15 12:53:03,570 - UpdateObject - INFO - Done!
2019-08-15 13:07:13,561 - AddObject - INFO - Program started
2019-08-15 13:07:13,561 - AddObject - INFO - Insert Object...
2019-08-15 13:07:13,572 - AddObject - INFO - [(143, 'example', '1', 1, '1', datetime.datetime(2019, 8, 15, 13, 7, 14))]
2019-08-15 13:07:13,573 - AddObject - INFO - Done!
2019-08-15 13:07:23,781 - AddObject - INFO - Program started
2019-08-15 13:07:23,781 - AddObject - INFO - Insert Object...
2019-08-15 13:07:23,785 - AddObject - INFO - [(144, 'example', 'example', 1, '1', datetime.datetime(2019, 8, 15, 13, 7, 24))]
2019-08-15 13:07:23,785 - AddObject - INFO - Done!
2019-08-15 13:19:27,208 - AddPackage - INFO - Insert package...
2019-08-15 13:19:27,213 - AddObject - INFO - Insert Object...
2019-08-15 13:19:27,238 - AddObject - INFO - [(145, 'Test', None, 3, '(110, )', datetime.datetime(2019, 8, 15, 13, 19, 27))]
2019-08-15 13:19:27,241 - AddPackage - INFO - [(110, 'Test', None, datetime.datetime(2019, 8, 15, 13, 19, 27))]
2019-08-15 13:19:27,242 - AddPackage - INFO - Done!
2019-08-16 16:22:10,976 - AddPackage - INFO - Insert package...
2019-08-16 16:22:10,996 - AddObject - INFO - Insert Object...
2019-08-16 16:22:11,032 - AddObject - INFO - [(146, 'Test', None, 1, '(111, )', datetime.datetime(2019, 8, 16, 16, 22, 11), datetime.datetime(2019, 8, 16, 16, 22, 11))]
2019-08-16 16:22:11,034 - AddPackage - INFO - [(111, 'Test', None, datetime.datetime(2019, 8, 16, 16, 22, 11))]
2019-08-16 16:22:11,035 - AddPackage - INFO - Done!
2019-08-16 16:22:54,384 - AddPackage - INFO - Insert package...
2019-08-16 16:22:54,385 - AddObject - INFO - Insert Object...
2019-08-16 16:22:54,396 - AddObject - INFO - [(147, 'Test', None, 1, '(112, )', datetime.datetime(2019, 8, 16, 16, 22, 54), datetime.datetime(2019, 8, 16, 16, 22, 54))]
2019-08-16 16:22:54,400 - AddPackage - INFO - [(112, 'Test', None, datetime.datetime(2019, 8, 16, 16, 22, 54), datetime.datetime(2019, 8, 16, 16, 22, 54))]
2019-08-16 16:22:54,401 - AddPackage - INFO - Done!
2019-08-16 16:24:06,544 - AddObject - INFO - Program started
2019-08-16 16:24:06,544 - AddObject - INFO - Insert Object...
2019-08-16 16:24:06,549 - AddObject - INFO - [(148, 'example', 'example', 1, '1', datetime.datetime(2019, 8, 16, 16, 24, 7), datetime.datetime(2019, 8, 16, 16, 24, 7))]
2019-08-16 16:24:06,550 - AddObject - INFO - Done!
2019-08-16 16:24:15,180 - UpdateObject - INFO - Program started
2019-08-16 16:24:15,181 - UpdateObject - INFO - Update object...
2019-08-16 16:24:15,185 - UpdateObject - INFO - []
2019-08-16 16:25:15,424 - UpdateObject - INFO - Program started
2019-08-16 16:25:15,425 - UpdateObject - INFO - Update object...
2019-08-16 16:25:15,426 - UpdateObject - ERROR - Doesn't exist such object_id
2019-08-16 16:25:15,427 - UpdateObject - INFO - []
2019-08-16 16:25:48,407 - UpdateObject - INFO - Program started
2019-08-16 16:25:48,407 - UpdateObject - INFO - Update object...
2019-08-16 16:25:48,415 - UpdateObject - ERROR - Doesn't exist such object_id
2019-08-16 16:38:12,526 - UpdatePackage - INFO - Program started
2019-08-16 16:38:12,527 - UpdatePackage - INFO - Update package...
2019-08-16 16:38:12,536 - UpdateObject - INFO - Update object...
2019-08-16 16:38:32,674 - UpdatePackage - INFO - Program started
2019-08-16 16:38:32,675 - UpdatePackage - INFO - Update package...
2019-08-16 16:38:32,676 - UpdateObject - INFO - Update object...
2019-08-16 16:38:43,168 - UpdatePackage - INFO - Program started
2019-08-16 16:38:43,168 - UpdatePackage - INFO - Update package...
2019-08-16 16:38:43,175 - UpdateObject - INFO - Update object...
2019-08-16 16:38:43,187 - UpdateObject - INFO - [(1, 'executable', 'NewPackage', '2')]
2019-08-16 16:38:43,188 - UpdatePackage - INFO - [(2, 'NewPackage', None)]
2019-08-16 16:38:43,189 - UpdatePackage - INFO - Done!
2019-08-16 16:38:56,057 - UpdatePackage - INFO - Program started
2019-08-16 16:38:56,057 - UpdatePackage - INFO - Update package...
2019-08-16 16:38:56,059 - UpdateObject - INFO - Update object...
2019-08-16 16:38:56,071 - UpdateObject - INFO - [(1, 'executable', 'NewPackage', '2')]
2019-08-16 16:38:56,073 - UpdatePackage - INFO - [(2, 'NewPackage', None)]
2019-08-16 16:38:56,073 - UpdatePackage - INFO - Done!
2019-08-16 16:39:32,330 - UpdatePackage - INFO - Program started
2019-08-16 16:39:32,330 - UpdatePackage - INFO - Update package...
2019-08-16 16:39:32,332 - UpdateObject - INFO - Update object...
2019-08-16 16:39:32,342 - UpdateObject - INFO - [(1, 'executable', 'NewPackage', '2')]
2019-08-16 16:39:32,343 - UpdatePackage - INFO - [(2, 'NewPackage', None)]
2019-08-16 16:39:32,344 - UpdatePackage - INFO - Done!
2019-08-16 17:12:21,061 - AddConnector - INFO - Program started
2019-08-16 17:12:21,061 - AddConnector - INFO - Add Connector...
2019-08-16 17:12:21,072 - AddConnector - INFO - [(24, 'example', 'app-link', 12, 13)]
2019-08-16 17:13:23,137 - AddConnector - INFO - Program started
2019-08-16 17:13:23,137 - AddConnector - INFO - Add Connector...
2019-08-16 17:13:23,142 - AddConnector - INFO - [(25, 'example', 'app-link', 12, 13)]
2019-08-16 17:13:34,187 - AddConnector - INFO - Program started
2019-08-16 17:13:34,187 - AddConnector - INFO - Add Connector...
2019-08-16 17:13:34,191 - AddConnector - INFO - [(26, 'example', 'app-link', 12, 13)]
2019-08-16 17:13:34,192 - AddConnector - INFO - Done
2019-08-16 17:13:54,454 - AddConnector - INFO - Program started
2019-08-16 17:13:54,454 - AddConnector - INFO - Add Connector...
2019-08-16 17:13:54,460 - AddConnector - INFO - [(27, 'example', 'app-link', 12, 13)]
2019-08-16 17:13:54,461 - AddConnector - INFO - Done
2019-08-16 23:39:47,362 - AddConnector - INFO - Program started
2019-08-16 23:39:47,363 - AddConnector - INFO - Add Connector...
2019-08-16 23:39:47,482 - AddConnector - INFO - [(28, 'example', 'app-link', 12, 13)]
2019-08-16 23:39:47,483 - AddConnector - INFO - Done
2019-08-16 23:40:00,283 - AddAttribute - INFO - Program started
2019-08-16 23:40:00,283 - AddAttribute - INFO - Insert attribute...
2019-08-16 23:40:00,289 - AddAttribute - INFO - [(27, 1, 'first_attibute')]
2019-08-16 23:40:00,289 - AddAttribute - INFO - Done!
2019-08-16 23:40:05,767 - AddConnector - INFO - Program started
2019-08-16 23:40:05,767 - AddConnector - INFO - Add Connector...
2019-08-16 23:40:05,773 - AddConnector - INFO - [(29, 'example', 'app-link', 12, 13)]
2019-08-16 23:40:05,773 - AddConnector - INFO - Done
2019-08-16 23:40:31,033 - AddDiagram - INFO - Program started
2019-08-16 23:40:31,033 - AddDiagram - INFO - Add Diagram...
2019-08-16 23:40:31,046 - AddDiagram - INFO - [(21, 'twelve', 6, 'package', 'pac')]
2019-08-16 23:40:31,046 - AddDiagram - INFO - Done
2019-08-16 23:40:43,269 - AddDiagramObjects - INFO - Program started
2019-08-16 23:40:43,269 - AddDiagramObjects - INFO - Insert DiagramObject...
2019-08-16 23:40:43,285 - AddDiagramObjects - INFO - []
2019-08-16 23:41:10,782 - AddDiagramObjects - INFO - Program started
2019-08-16 23:41:10,783 - AddDiagramObjects - INFO - Insert DiagramObject...
2019-08-16 23:41:10,789 - AddDiagramObjects - INFO - []
2019-08-16 23:41:21,952 - AddDiagramObjects - INFO - Program started
2019-08-16 23:41:21,952 - AddDiagramObjects - INFO - Insert DiagramObject...
2019-08-16 23:41:21,960 - AddDiagramObjects - INFO - []
2019-08-16 23:42:18,332 - AddDiagramObjects - INFO - Program started
2019-08-16 23:42:18,334 - AddDiagramObjects - INFO - Insert DiagramObject...
2019-08-16 23:42:18,340 - AddDiagramObjects - INFO - [(23, 101, 100)]
2019-08-16 23:42:18,340 - AddDiagramObjects - INFO - Done!
2019-08-16 23:42:26,945 - AddObject - INFO - Program started
2019-08-16 23:42:26,946 - AddObject - INFO - Insert Object...
2019-08-16 23:42:26,950 - AddObject - INFO - [(149, 'example', 'example', 1, '1', datetime.datetime(2019, 8, 16, 23, 42, 27), datetime.datetime(2019, 8, 16, 23, 42, 27))]
2019-08-16 23:42:26,951 - AddObject - INFO - Done!
2019-08-16 23:42:31,751 - AddPackage - INFO - Insert package...
2019-08-16 23:42:31,753 - AddObject - INFO - Insert Object...
2019-08-16 23:42:31,765 - AddObject - INFO - []
2019-08-16 23:43:48,350 - AddPackage - INFO - Insert package...
2019-08-16 23:43:48,351 - AddObject - INFO - Insert Object...
2019-08-16 23:43:48,362 - AddObject - INFO - []
2019-08-16 23:44:35,020 - AddPackage - INFO - Insert package...
2019-08-16 23:44:35,021 - AddObject - INFO - Insert Object...
2019-08-16 23:44:35,030 - AddObject - INFO - []
2019-08-16 23:44:35,034 - AddPackage - INFO - [(115, 'Test', None, datetime.datetime(2019, 8, 16, 23, 44, 35), datetime.datetime(2019, 8, 16, 23, 44, 35))]
2019-08-16 23:44:35,034 - AddPackage - INFO - Done!
2019-08-16 23:44:55,819 - AddPackage - INFO - Insert package...
2019-08-16 23:44:55,821 - AddObject - INFO - Insert Object...
2019-08-16 23:44:55,828 - AddObject - INFO - []
2019-08-16 23:44:55,832 - AddPackage - INFO - [(116, 'Test', None, datetime.datetime(2019, 8, 16, 23, 44, 56), datetime.datetime(2019, 8, 16, 23, 44, 56))]
2019-08-16 23:44:55,833 - AddPackage - INFO - Done!
2019-08-16 23:45:12,823 - AddPackage - INFO - Insert package...
2019-08-16 23:45:12,827 - AddObject - INFO - Insert Object...
2019-08-16 23:45:12,835 - AddObject - INFO - []
2019-08-16 23:45:12,840 - AddPackage - INFO - [(117, 'Test', None, datetime.datetime(2019, 8, 16, 23, 45, 13), datetime.datetime(2019, 8, 16, 23, 45, 13))]
2019-08-16 23:45:12,841 - AddPackage - INFO - Done!
2019-08-16 23:45:37,821 - AddPackage - INFO - Insert package...
2019-08-16 23:45:37,822 - AddObject - INFO - Insert Object...
2019-08-16 23:45:37,830 - AddObject - INFO - []
2019-08-16 23:45:37,834 - AddPackage - INFO - [(118, 'Test', None, datetime.datetime(2019, 8, 16, 23, 45, 38), datetime.datetime(2019, 8, 16, 23, 45, 38))]
2019-08-16 23:45:37,835 - AddPackage - INFO - Done!
2019-08-16 23:46:25,384 - AddPackage - INFO - Insert package...
2019-08-16 23:46:25,388 - AddObject - INFO - Insert Object...
2019-08-16 23:46:25,395 - AddObject - INFO - []
2019-08-16 23:46:25,398 - AddPackage - INFO - [(119, 'Test', None, datetime.datetime(2019, 8, 16, 23, 46, 25), datetime.datetime(2019, 8, 16, 23, 46, 25))]
2019-08-16 23:46:25,399 - AddPackage - INFO - Done!
2019-08-16 23:47:18,742 - AddPackage - INFO - Insert package...
2019-08-16 23:47:18,743 - AddObject - INFO - Insert Object...
2019-08-16 23:47:18,751 - AddObject - INFO - []
2019-08-16 23:47:18,755 - AddPackage - INFO - [(120, 'Test', None, datetime.datetime(2019, 8, 16, 23, 47, 19), datetime.datetime(2019, 8, 16, 23, 47, 19))]
2019-08-16 23:47:18,755 - AddPackage - INFO - Done!
2019-08-16 23:47:33,884 - AddPackage - INFO - Insert package...
2019-08-16 23:47:33,886 - AddObject - INFO - Insert Object...
2019-08-16 23:47:33,893 - AddObject - INFO - []
2019-08-16 23:47:33,898 - AddPackage - INFO - [(121, 'Test', None, datetime.datetime(2019, 8, 16, 23, 47, 34), datetime.datetime(2019, 8, 16, 23, 47, 34))]
2019-08-16 23:47:33,898 - AddPackage - INFO - Done!
2019-08-16 23:47:50,541 - AddPackage - INFO - Insert package...
2019-08-16 23:47:50,544 - AddObject - INFO - Insert Object...
2019-08-16 23:47:50,552 - AddObject - INFO - []
2019-08-16 23:47:50,556 - AddPackage - INFO - [(122, 'Test', None, datetime.datetime(2019, 8, 16, 23, 47, 51), datetime.datetime(2019, 8, 16, 23, 47, 51))]
2019-08-16 23:47:50,557 - AddPackage - INFO - Done!
2019-08-16 23:49:49,010 - AddPackage - INFO - Insert package...
2019-08-16 23:49:49,012 - AddObject - INFO - Insert Object...
2019-08-16 23:49:49,020 - AddObject - INFO - []
2019-08-16 23:49:49,025 - AddPackage - INFO - [(123, 'Test', None, datetime.datetime(2019, 8, 16, 23, 49, 49), datetime.datetime(2019, 8, 16, 23, 49, 49))]
2019-08-16 23:49:49,025 - AddPackage - INFO - Done!
2019-08-16 23:50:46,743 - AddPackage - INFO - Insert package...
2019-08-16 23:50:46,744 - AddObject - INFO - Insert Object...
2019-08-16 23:50:46,752 - AddObject - INFO - []
2019-08-16 23:50:46,756 - AddPackage - INFO - [(124, 'Test', None, datetime.datetime(2019, 8, 16, 23, 50, 47), datetime.datetime(2019, 8, 16, 23, 50, 47))]
2019-08-16 23:50:46,757 - AddPackage - INFO - Done!
2019-08-16 23:51:23,859 - AddPackage - INFO - Insert package...
2019-08-16 23:51:23,863 - AddObject - INFO - Insert Object...
2019-08-16 23:51:23,869 - AddObject - INFO - []
2019-08-16 23:51:23,872 - AddPackage - INFO - [(125, 'Test', None, datetime.datetime(2019, 8, 16, 23, 51, 24), datetime.datetime(2019, 8, 16, 23, 51, 24))]
2019-08-16 23:51:23,873 - AddPackage - INFO - Done!
2019-08-16 23:52:51,944 - AddPackage - INFO - Insert package...
2019-08-16 23:52:51,947 - AddObject - INFO - Insert Object...
2019-08-16 23:52:51,956 - AddObject - INFO - []
2019-08-16 23:52:51,961 - AddPackage - INFO - [(126, 'Test', None, datetime.datetime(2019, 8, 16, 23, 52, 52), datetime.datetime(2019, 8, 16, 23, 52, 52))]
2019-08-16 23:52:51,961 - AddPackage - INFO - Done!
2019-08-16 23:53:13,088 - AddPackage - INFO - Insert package...
2019-08-16 23:53:13,090 - AddObject - INFO - Insert Object...
2019-08-16 23:53:13,099 - AddObject - INFO - []
2019-08-16 23:53:13,103 - AddPackage - INFO - [(127, 'Test', None, datetime.datetime(2019, 8, 16, 23, 53, 13), datetime.datetime(2019, 8, 16, 23, 53, 13))]
2019-08-16 23:53:13,103 - AddPackage - INFO - Done!
2019-08-16 23:53:31,906 - AddPackage - INFO - Insert package...
2019-08-16 23:53:31,908 - AddObject - INFO - Insert Object...
2019-08-16 23:53:31,915 - AddObject - INFO - []
2019-08-16 23:53:31,919 - AddPackage - INFO - [(128, 'Test', None, datetime.datetime(2019, 8, 16, 23, 53, 32), datetime.datetime(2019, 8, 16, 23, 53, 32))]
2019-08-16 23:53:31,920 - AddPackage - INFO - Done!
2019-08-16 23:54:49,262 - AddPackage - INFO - Insert package...
2019-08-16 23:54:49,264 - AddObject - INFO - Insert Object...
2019-08-16 23:54:49,282 - AddObject - INFO - []
2019-08-16 23:54:49,288 - AddPackage - INFO - [(129, 'Test', None, datetime.datetime(2019, 8, 16, 23, 54, 49), datetime.datetime(2019, 8, 16, 23, 54, 49))]
2019-08-16 23:54:49,288 - AddPackage - INFO - Done!
2019-08-16 23:57:32,128 - AddObject - INFO - Program started
2019-08-16 23:57:32,128 - AddObject - INFO - Insert Object...
2019-08-16 23:57:32,134 - AddObject - INFO - [(167, 'example', 'example', 1, '1', datetime.datetime(2019, 8, 16, 23, 57, 32), datetime.datetime(2019, 8, 16, 23, 57, 32))]
2019-08-16 23:57:32,134 - AddObject - INFO - Done!
2019-08-16 23:58:58,907 - AddPackage - INFO - Insert package...
2019-08-16 23:58:58,909 - AddObject - INFO - Insert Object...
2019-08-16 23:58:58,916 - AddObject - INFO - []
2019-08-16 23:58:58,920 - AddPackage - INFO - [(130, 'Test', None, datetime.datetime(2019, 8, 16, 23, 58, 59), datetime.datetime(2019, 8, 16, 23, 58, 59))]
2019-08-16 23:58:58,920 - AddPackage - INFO - Done!
2019-08-16 23:59:05,972 - AddPackage - INFO - Insert package...
2019-08-16 23:59:05,976 - AddObject - INFO - Insert Object...
2019-08-16 23:59:05,983 - AddObject - INFO - []
2019-08-16 23:59:05,988 - AddPackage - INFO - [(131, 'Test', None, datetime.datetime(2019, 8, 16, 23, 59, 6), datetime.datetime(2019, 8, 16, 23, 59, 6))]
2019-08-16 23:59:05,988 - AddPackage - INFO - Done!
2019-08-17 00:00:19,673 - AddPackage - INFO - Insert package...
2019-08-17 00:00:43,525 - AddPackage - INFO - Insert package...
2019-08-17 00:00:43,528 - AddObject - INFO - Insert Object...
2019-08-17 00:00:43,534 - AddObject - INFO - []
2019-08-17 00:00:43,538 - AddPackage - INFO - [(133, 'Test', None, datetime.datetime(2019, 8, 17, 0, 0, 44), datetime.datetime(2019, 8, 17, 0, 0, 44))]
2019-08-17 00:00:43,538 - AddPackage - INFO - Done!
2019-08-17 00:01:18,418 - AddPackage - INFO - Insert package...
2019-08-17 00:02:06,461 - AddPackage - INFO - Insert package...
2019-08-17 00:02:06,465 - AddObject - INFO - Insert Object...
2019-08-17 00:02:06,472 - AddObject - INFO - []
2019-08-17 00:02:06,476 - AddPackage - INFO - [(135, 'Test', None, datetime.datetime(2019, 8, 17, 0, 2, 6), datetime.datetime(2019, 8, 17, 0, 2, 6))]
2019-08-17 00:02:06,476 - AddPackage - INFO - Done!
2019-08-17 00:03:18,927 - AddObject - INFO - Program started
2019-08-17 00:03:18,928 - AddObject - INFO - Insert Object...
2019-08-17 00:03:18,931 - AddObject - INFO - [(172, 'example', 'example', 1, '1', datetime.datetime(2019, 8, 17, 0, 3, 19), datetime.datetime(2019, 8, 17, 0, 3, 19))]
2019-08-17 00:03:18,931 - AddObject - INFO - Done!
2019-08-17 00:04:33,955 - AddObject - INFO - Program started
2019-08-17 00:04:33,956 - AddObject - INFO - Insert Object...
2019-08-17 00:04:41,265 - AddObject - INFO - Program started
2019-08-17 00:04:41,265 - AddObject - INFO - Insert Object...
2019-08-17 00:04:41,270 - AddObject - INFO - [(174, 'example', 'example', 1, '1', datetime.datetime(2019, 8, 17, 0, 4, 41), datetime.datetime(2019, 8, 17, 0, 4, 41))]
2019-08-17 00:04:41,270 - AddObject - INFO - Done!
2019-08-17 00:04:47,701 - AddPackage - INFO - Insert package...
2019-08-17 00:04:47,705 - AddObject - INFO - Insert Object...
2019-08-17 00:04:47,712 - AddObject - INFO - []
2019-08-17 00:05:50,152 - AddPackage - INFO - Insert package...
2019-08-17 00:05:50,160 - AddObject - INFO - Insert Object...
2019-08-17 00:05:50,167 - AddObject - INFO - []
2019-08-17 00:05:50,168 - AddPackage - INFO - [(137, 'Test', None, datetime.datetime(2019, 8, 17, 0, 5, 50), datetime.datetime(2019, 8, 17, 0, 5, 50))]
2019-08-17 00:05:50,168 - AddPackage - INFO - Done!
2019-08-17 00:07:04,312 - AddPackage - INFO - Insert package...
2019-08-17 00:07:04,319 - AddObject - INFO - Insert Object...
2019-08-17 00:07:04,328 - AddObject - INFO - [(177, 'Test', None, 1, '138', datetime.datetime(2019, 8, 17, 0, 7, 4), datetime.datetime(2019, 8, 17, 0, 7, 4))]
2019-08-17 00:07:04,328 - AddPackage - INFO - [(138, 'Test', None, datetime.datetime(2019, 8, 17, 0, 7, 4), datetime.datetime(2019, 8, 17, 0, 7, 4))]
2019-08-17 00:07:04,328 - AddPackage - INFO - Done!
2019-08-17 00:08:08,545 - AddPackage - INFO - Insert package...
2019-08-17 00:08:08,551 - AddObject - INFO - Insert Object...
2019-08-17 00:08:20,131 - AddPackage - INFO - Insert package...
2019-08-17 00:08:20,137 - AddObject - INFO - Insert Object...
2019-08-17 00:08:20,143 - AddObject - INFO - []
2019-08-17 00:08:20,144 - AddPackage - INFO - [(140, 'Test', None, datetime.datetime(2019, 8, 17, 0, 8, 20), datetime.datetime(2019, 8, 17, 0, 8, 20))]
2019-08-17 00:08:20,144 - AddPackage - INFO - Done!
2019-08-17 00:09:35,031 - AddPackage - INFO - Insert package...
2019-08-17 00:09:35,039 - AddObject - INFO - Insert Object...
2019-08-17 00:09:35,047 - AddObject - INFO - []
2019-08-17 00:09:35,048 - AddPackage - INFO - [(141, 'Test', None, datetime.datetime(2019, 8, 17, 0, 9, 35), datetime.datetime(2019, 8, 17, 0, 9, 35))]
2019-08-17 00:09:35,048 - AddPackage - INFO - Done!
2019-08-17 00:12:24,976 - AddObject - INFO - Program started
2019-08-17 00:12:24,976 - AddObject - INFO - Insert Object...
2019-08-17 00:12:24,979 - AddObject - INFO - [(181, 'example', 'example', 1, '1', datetime.datetime(2019, 8, 17, 0, 12, 25), datetime.datetime(2019, 8, 17, 0, 12, 25))]
2019-08-17 00:12:24,979 - AddObject - INFO - Done!
2019-08-17 00:17:54,169 - AddAttribute - INFO - Program started
2019-08-17 00:17:54,169 - AddAttribute - INFO - Insert attribute...
2019-08-17 00:17:54,172 - AddAttribute - INFO - [(28, 1, 'first_attibute')]
2019-08-17 00:17:54,172 - AddAttribute - INFO - Done!
2019-08-17 00:18:00,011 - AddAttribute - INFO - Program started
2019-08-17 00:18:00,012 - AddAttribute - INFO - Insert attribute...
2019-08-17 00:18:00,016 - AddAttribute - INFO - [(29, 1, 'first_attibute')]
2019-08-17 00:18:00,016 - AddAttribute - INFO - Done!
2019-08-17 00:18:16,465 - AddAttribute - INFO - Program started
2019-08-17 00:18:16,466 - AddAttribute - INFO - Insert attribute...
2019-08-17 00:18:16,470 - AddAttribute - INFO - [(30, 1, 'first_attibute')]
2019-08-17 00:18:16,470 - AddAttribute - INFO - Done!
2019-08-17 00:18:24,721 - UpdateObject - INFO - Program started
2019-08-17 00:18:24,722 - UpdateObject - INFO - Update object...
2019-08-17 00:18:24,724 - UpdateObject - ERROR - Doesn't exist such object id
2019-08-17 00:18:40,741 - UpdatePackage - INFO - Program started
2019-08-17 00:18:40,741 - UpdatePackage - INFO - Update package...
2019-08-17 00:18:40,743 - UpdateObject - INFO - Update object...
2019-08-17 00:18:40,748 - UpdateObject - INFO - [(1, 'executable', 'NewPackage', '2')]
2019-08-17 00:19:23,213 - UpdatePackage - INFO - Program started
2019-08-17 00:19:23,213 - UpdatePackage - INFO - Update package...
2019-08-17 00:19:23,215 - UpdateObject - INFO - Update object...
2019-08-17 00:19:23,220 - UpdateObject - INFO - [(1, 'executable', 'NewPackage', '2')]
2019-08-17 00:19:26,137 - UpdateObject - INFO - Program started
2019-08-17 00:19:26,138 - UpdateObject - INFO - Update object...
2019-08-17 00:19:26,140 - UpdateObject - ERROR - Doesn't exist such object id
2019-08-17 00:19:41,826 - UpdatePackage - INFO - Program started
2019-08-17 00:19:41,827 - UpdatePackage - INFO - Update package...
2019-08-17 00:19:41,828 - UpdateObject - INFO - Update object...
2019-08-17 00:19:41,835 - UpdateObject - INFO - [(1, 'executable', 'NewPackage', '2')]
2019-08-17 00:22:18,516 - UpdatePackage - INFO - Program started
2019-08-17 00:22:18,516 - UpdatePackage - INFO - Update package...
2019-08-17 00:22:18,518 - UpdateObject - INFO - Update object...
2019-08-17 00:22:18,525 - UpdateObject - INFO - [(1, 'executable', 'NewPackage', '2')]
2019-08-17 00:22:27,275 - UpdatePackage - INFO - Program started
2019-08-17 00:22:27,276 - UpdatePackage - INFO - Update package...
2019-08-17 00:22:27,277 - UpdateObject - INFO - Update object...
2019-08-17 00:22:27,283 - UpdateObject - INFO - [(1, 'executable', 'NewPackage', '2')]
2019-08-17 00:22:40,184 - UpdatePackage - INFO - Program started
2019-08-17 00:22:40,184 - UpdatePackage - INFO - Update package...
2019-08-17 00:22:40,186 - UpdateObject - INFO - Update object...
2019-08-17 00:22:40,193 - UpdateObject - INFO - [(1, 'executable', 'NewPackage', '2')]
2019-08-17 00:22:40,194 - UpdatePackage - INFO - [(1, )]
2019-08-17 00:22:40,195 - UpdatePackage - INFO - Done!
2019-08-17 00:24:11,365 - UpdatePackage - INFO - Program started
2019-08-17 00:24:11,365 - UpdatePackage - INFO - Update package...
2019-08-17 00:24:11,367 - UpdateObject - INFO - Update object...
2019-08-17 00:24:11,372 - UpdateObject - INFO - [(1, 'executable', 'NewPackage', '2')]
2019-08-17 00:24:11,374 - UpdatePackage - INFO - [(1, )]
2019-08-17 00:24:11,375 - UpdatePackage - INFO - Done!
2019-08-17 00:30:48,349 - UpdatePackage - INFO - Program started
2019-08-17 00:30:48,350 - UpdatePackage - INFO - Update package...
2019-08-17 00:30:48,351 - UpdateObject - INFO - Update object...
2019-08-17 00:30:48,357 - UpdateObject - INFO - [(1, 'executable', 'NewPackage', '2')]
2019-08-17 00:30:48,358 - UpdatePackage - INFO - [(1, )]
2019-08-17 00:30:48,359 - UpdatePackage - INFO - Done!
2019-08-17 00:30:56,197 - UpdateObject - INFO - Program started
2019-08-17 00:30:56,197 - UpdateObject - INFO - Update object...
2019-08-17 00:30:56,199 - UpdateObject - ERROR - Doesn't exist such object id
2019-08-17 00:31:06,880 - AddPackage - INFO - Insert package...
2019-08-17 00:31:06,887 - AddObject - INFO - Insert Object...
2019-08-17 00:31:06,894 - AddObject - INFO - []
2019-08-17 00:31:06,895 - AddPackage - INFO - [(142, 'Test', None, datetime.datetime(2019, 8, 17, 0, 31, 7), datetime.datetime(2019, 8, 17, 0, 31, 7))]
2019-08-17 00:31:06,895 - AddPackage - INFO - Done!
2019-08-17 00:31:51,287 - AddPackage - INFO - Insert package...
2019-08-17 00:31:51,295 - AddObject - INFO - Insert Object...
2019-08-17 00:31:51,300 - AddObject - INFO - []
2019-08-17 00:31:51,302 - AddPackage - INFO - [(143, 'Test', None, datetime.datetime(2019, 8, 17, 0, 31, 51), datetime.datetime(2019, 8, 17, 0, 31, 51))]
2019-08-17 00:31:51,411 - AddPackage - INFO - [(183, 'Test', None, 1, '143', datetime.datetime(2019, 8, 17, 0, 31, 51), datetime.datetime(2019, 8, 17, 0, 31, 51))]
2019-08-17 00:31:51,411 - AddPackage - INFO - Done!
2019-08-22 14:56:46,565 - Attribute - INFO - Program started
2019-08-22 14:56:46,566 - Attribute - INFO - Insert attribute...
2019-08-22 14:56:46,578 - Attribute - INFO - Get attribute by ea_guid
2019-08-22 14:56:46,581 - Attribute - INFO - [(41, 1, 'first_attibute')]
2019-08-22 14:56:46,581 - Attribute - INFO - [(41, 1, 'first_attibute')]
2019-08-22 14:56:46,581 - Attribute - INFO - Done!
2019-08-22 14:56:46,583 - Attribute - INFO - Program started
2019-08-22 14:56:46,585 - Attribute - INFO - Program started
2019-08-22 14:56:46,586 - Attribute - INFO - Update attribute...
2019-08-22 14:56:46,587 - Attribute - INFO - <pyodbc.Cursor object at 0x10a4402b0>
2019-08-22 14:56:46,587 - Attribute - INFO - Done!
2019-08-22 14:59:21,836 - Attribute - INFO - Program started
2019-08-22 14:59:21,836 - Attribute - INFO - Insert attribute...
2019-08-22 14:59:21,840 - Attribute - INFO - Get attribute by ea_guid
2019-08-22 14:59:21,841 - Attribute - INFO - [(42, 1, 'first_attibute')]
2019-08-22 14:59:21,841 - Attribute - INFO - [(42, 1, 'first_attibute')]
2019-08-22 14:59:21,842 - Attribute - INFO - Done!
2019-08-22 14:59:21,844 - Attribute - INFO - Program started
2019-08-22 14:59:21,844 - Attribute - INFO - Delete attribute by ea_guid
2019-08-22 14:59:21,844 - Attribute - INFO - Get attribute by ea_guid
2019-08-22 14:59:21,845 - Attribute - INFO - [(3, 21, 'first')]
2019-08-22 14:59:21,849 - Attribute - INFO - [(3, 21, 'first')]
2019-08-22 14:59:21,849 - Attribute - INFO - Done!
2019-08-22 14:59:21,852 - Attribute - INFO - Program started
2019-08-22 14:59:21,852 - Attribute - INFO - Update attribute...
2019-08-22 14:59:21,853 - Attribute - INFO - <pyodbc.Cursor object at 0x10bca01b0>
2019-08-22 14:59:21,853 - Attribute - INFO - Done!
2019-08-22 15:00:29,187 - Attribute - INFO - Program started
2019-08-22 15:00:29,188 - Attribute - INFO - Insert attribute...
2019-08-22 15:00:29,190 - Attribute - INFO - Get attribute by ea_guid
2019-08-22 15:00:29,192 - Attribute - INFO - [(43, 1, 'first_attibute')]
2019-08-22 15:00:29,192 - Attribute - INFO - [(43, 1, 'first_attibute')]
2019-08-22 15:00:29,192 - Attribute - INFO - Done!
2019-08-22 15:00:29,198 - Attribute - INFO - Program started
2019-08-22 15:00:29,198 - Attribute - INFO - Delete attribute by ea_guid
2019-08-22 15:00:29,199 - Attribute - INFO - Get attribute by ea_guid
2019-08-22 15:00:29,200 - Attribute - INFO - []
2019-08-22 15:00:29,202 - Attribute - INFO - []
2019-08-22 15:00:29,202 - Attribute - INFO - Done!
2019-08-22 15:00:29,205 - Attribute - INFO - Program started
2019-08-22 15:00:29,205 - Attribute - INFO - Update attribute...
2019-08-22 15:00:29,206 - Attribute - INFO - Get attribute by id
2019-08-22 15:00:29,208 - Attribute - INFO - [(1, 3, 'second')]
2019-08-22 15:00:29,208 - Attribute - INFO - [(1, 3, 'second')]
2019-08-22 15:00:29,208 - Attribute - INFO - Done!
2019-08-22 15:01:15,683 - Attribute - INFO - Program started
2019-08-22 15:01:15,684 - Attribute - INFO - Insert attribute...
2019-08-22 15:01:15,687 - Attribute - INFO - Get attribute by ea_guid
2019-08-22 15:01:15,688 - Attribute - INFO - [(44, 1, 'first_attibute')]
2019-08-22 15:01:15,689 - Attribute - INFO - [(44, 1, 'first_attibute')]
2019-08-22 15:01:15,689 - Attribute - INFO - Done!
2019-08-22 15:01:15,691 - Attribute - INFO - Program started
2019-08-22 15:01:15,691 - Attribute - INFO - Delete attribute by ea_guid
2019-08-22 15:01:15,691 - Attribute - INFO - Get attribute by ea_guid
2019-08-22 15:01:15,692 - Attribute - INFO - []
2019-08-22 15:01:15,693 - Attribute - INFO - Done!
2019-08-22 15:01:15,695 - Attribute - INFO - Program started
2019-08-22 15:01:15,695 - Attribute - INFO - Update attribute...
2019-08-22 15:01:15,696 - Attribute - INFO - Get attribute by id
2019-08-22 15:01:15,697 - Attribute - INFO - [(1, 3, 'second')]
2019-08-22 15:01:15,697 - Attribute - INFO - Done!
2019-08-22 15:01:25,096 - Attribute - INFO - Program started
2019-08-22 15:01:25,096 - Attribute - INFO - Insert attribute...
2019-08-22 15:01:25,099 - Attribute - INFO - Get attribute by ea_guid
2019-08-22 15:01:25,101 - Attribute - INFO - [(45, 1, 'first_attibute')]
2019-08-22 15:01:25,101 - Attribute - INFO - Done!
2019-08-22 15:01:25,103 - Attribute - INFO - Program started
2019-08-22 15:01:25,103 - Attribute - INFO - Delete attribute by ea_guid
2019-08-22 15:01:25,103 - Attribute - INFO - Get attribute by ea_guid
2019-08-22 15:01:25,105 - Attribute - INFO - []
2019-08-22 15:01:25,106 - Attribute - INFO - Done!
2019-08-22 15:01:25,109 - Attribute - INFO - Program started
2019-08-22 15:01:25,109 - Attribute - INFO - Update attribute...
2019-08-22 15:01:25,110 - Attribute - INFO - Get attribute by id
2019-08-22 15:01:25,112 - Attribute - INFO - [(1, 3, 'second')]
2019-08-22 15:01:25,113 - Attribute - INFO - Done!
2019-08-22 15:08:00,422 - Connector - INFO - Program started
2019-08-22 15:08:00,422 - Connector - INFO - Add Connector...
2019-08-22 15:08:00,425 - Connector - INFO - Get connector by ea_guid
2019-08-22 15:08:00,426 - Connector - INFO - [(36, 'example', 'app-link', 12, 13)]
2019-08-22 15:08:00,426 - Connector - INFO - Done!
2019-08-22 15:08:00,429 - Connector - INFO - Program started
2019-08-22 15:08:00,429 - Connector - INFO - Delete connector by ea_guid
2019-08-22 15:08:00,430 - Connector - INFO - Get connector by ea_guid
2019-08-22 15:08:00,430 - Connector - INFO - []
2019-08-22 15:08:00,434 - Connector - INFO - Program started
2019-08-22 15:08:00,434 - Connector - INFO - Update connector by ea_guid
2019-08-22 15:08:00,435 - Connector - INFO - Get connector by ea_guid
2019-08-22 15:08:00,435 - Connector - INFO - [(26, 'second', 'app', 13, 14)]
2019-08-22 15:08:00,436 - Connector - INFO - Done!
2019-08-22 15:09:07,297 - Connector - INFO - Program started
2019-08-22 15:09:07,297 - Connector - INFO - Add Connector...
2019-08-22 15:09:07,301 - Connector - INFO - Get connector by ea_guid
2019-08-22 15:09:07,303 - Connector - INFO - [(37, 'example', 'app-link', 12, 13)]
2019-08-22 15:09:07,303 - Connector - INFO - Done!
2019-08-22 15:09:07,307 - Connector - INFO - Program started
2019-08-22 15:09:07,307 - Connector - INFO - Delete connector by ea_guid
2019-08-22 15:09:07,307 - Connector - INFO - Get connector by ea_guid
2019-08-22 15:09:07,308 - Connector - INFO - [(2, 'example', 'app-link', 12, 13)]
2019-08-22 15:09:07,310 - Connector - INFO - Done!
2019-08-22 15:09:07,314 - Connector - INFO - Program started
2019-08-22 15:09:07,314 - Connector - INFO - Update connector by ea_guid
2019-08-22 15:09:07,315 - Connector - INFO - Get connector by ea_guid
2019-08-22 15:09:07,317 - Connector - INFO - [(26, 'second', 'app', 13, 14)]
2019-08-22 15:09:07,317 - Connector - INFO - Done!
2019-08-22 15:10:10,410 - Connector - INFO - Program started
2019-08-22 15:10:10,411 - Connector - INFO - Add Connector...
2019-08-22 15:10:10,414 - Connector - INFO - Get connector by ea_guid
2019-08-22 15:10:10,415 - Connector - INFO - [(38, 'example', 'app-link', 12, 13)]
2019-08-22 15:10:10,416 - Connector - INFO - Done!
2019-08-22 15:10:10,418 - Connector - INFO - Program started
2019-08-22 15:10:10,418 - Connector - INFO - Delete connector by ea_guid
2019-08-22 15:10:10,418 - Connector - INFO - Get connector by ea_guid
2019-08-22 15:10:10,419 - Connector - INFO - [(6, 'example', 'app-link', 12, 13)]
2019-08-22 15:10:10,421 - Connector - INFO - Done!
2019-08-22 15:10:10,424 - Connector - INFO - Program started
2019-08-22 15:10:10,424 - Connector - INFO - Update connector by ea_guid
2019-08-22 15:10:10,425 - Connector - INFO - Get connector by ea_guid
2019-08-22 15:10:10,426 - Connector - INFO - [(26, 'second', 'app', 13, 14)]
2019-08-22 15:10:10,426 - Connector - INFO - Done!
2019-08-22 15:10:34,022 - Diagram - INFO - Program started
2019-08-22 15:10:34,022 - Diagram - INFO - Add Diagram...
2019-08-22 15:10:34,026 - Diagram - INFO - Get diagram by ea_guid
2019-08-22 15:10:34,027 - Diagram - INFO - [(28, 'twelve', 6, 'package', 'pac')]
2019-08-22 15:10:34,027 - Diagram - INFO - Done!
2019-08-22 15:10:34,030 - Diagram - INFO - Program started
2019-08-22 15:10:34,030 - Diagram - INFO - Delete diagram by ea_guid
2019-08-22 15:10:34,030 - Diagram - INFO - Get diagram by ea_guid
2019-08-22 15:10:34,031 - Diagram - INFO - []
2019-08-22 15:10:34,036 - Diagram - INFO - Program started
2019-08-22 15:10:34,038 - Diagram - INFO - Get diagram by ea_guid
2019-08-22 15:10:34,038 - Diagram - INFO - [(20, 'name', 6, 'stereotype', 'app-link')]
2019-08-22 15:10:34,039 - Diagram - INFO - Done!
2019-08-22 15:11:03,522 - Diagram - INFO - Program started
2019-08-22 15:11:03,523 - Diagram - INFO - Add Diagram...
2019-08-22 15:11:03,529 - Diagram - INFO - Get diagram by ea_guid
2019-08-22 15:11:03,530 - Diagram - INFO - [(29, 'twelve', 6, 'package', 'pac')]
2019-08-22 15:11:03,530 - Diagram - INFO - Done!
2019-08-22 15:11:03,533 - Diagram - INFO - Program started
2019-08-22 15:11:03,533 - Diagram - INFO - Delete diagram by ea_guid
2019-08-22 15:11:03,533 - Diagram - INFO - Get diagram by ea_guid
2019-08-22 15:11:03,534 - Diagram - INFO - [(2, 'Package6', 18, 'stereotype12', 'Package')]
2019-08-22 15:11:03,536 - Diagram - INFO - Done!
2019-08-22 15:11:03,538 - Diagram - INFO - Program started
2019-08-22 15:11:03,539 - Diagram - INFO - Get diagram by ea_guid
2019-08-22 15:11:03,540 - Diagram - INFO - [(20, 'name', 6, 'stereotype', 'app-link')]
2019-08-22 15:11:03,541 - Diagram - INFO - Done!
2019-08-22 15:12:11,034 - Diagram - INFO - Program started
2019-08-22 15:12:11,035 - Diagram - INFO - Add Diagram...
2019-08-22 15:12:11,038 - Diagram - INFO - Get diagram by ea_guid
2019-08-22 15:12:11,040 - Diagram - INFO - [(30, 'twelve', 6, 'package', 'pac')]
2019-08-22 15:12:11,040 - Diagram - INFO - Done!
2019-08-22 15:12:11,043 - Diagram - INFO - Program started
2019-08-22 15:12:11,043 - Diagram - INFO - Delete diagram by ea_guid
2019-08-22 15:12:11,043 - Diagram - INFO - Get diagram by ea_guid
2019-08-22 15:12:11,044 - Diagram - INFO - []
2019-08-22 15:12:11,047 - Diagram - INFO - Program started
2019-08-22 15:12:11,047 - Diagram - INFO - Update diagram by ea_guid
2019-08-22 15:12:11,048 - Diagram - INFO - Get diagram by ea_guid
2019-08-22 15:12:11,049 - Diagram - INFO - [(20, 'name', 6, 'stereotype', 'app-link')]
2019-08-22 15:12:11,049 - Diagram - INFO - Done!
2019-08-22 15:15:54,710 - DiagramObjects - INFO - Program started
2019-08-22 15:15:54,710 - DiagramObjects - INFO - Insert DiagramObject...
2019-08-22 15:15:54,717 - DiagramObjects - INFO - [(30, 101, 100)]
2019-08-22 15:15:54,717 - DiagramObjects - INFO - Done!
2019-08-22 15:15:54,737 - DiagramObjects - INFO - Program started
2019-08-22 15:15:54,745 - DiagramObjects - INFO - Program started
2019-08-22 15:15:54,745 - DiagramObjects - INFO - Update diagramobject by id
2019-08-22 15:15:54,748 - DiagramObjects - INFO - [(2, 110, 111)]
2019-08-22 15:15:54,748 - DiagramObjects - INFO - Done!
2019-08-22 15:16:22,236 - DiagramObjects - INFO - Program started
2019-08-22 15:16:22,236 - DiagramObjects - INFO - Insert DiagramObject...
2019-08-22 15:16:22,244 - DiagramObjects - INFO - [(31, 101, 100)]
2019-08-22 15:16:22,244 - DiagramObjects - INFO - Done!
2019-08-22 15:16:22,247 - DiagramObjects - INFO - Program started
2019-08-22 15:16:22,249 - DiagramObjects - INFO - Done!
2019-08-22 15:16:22,253 - DiagramObjects - INFO - Program started
2019-08-22 15:16:22,253 - DiagramObjects - INFO - Update diagramobject by id
2019-08-22 15:16:22,255 - DiagramObjects - INFO - [(2, 110, 111)]
2019-08-22 15:16:22,255 - DiagramObjects - INFO - Done!
2019-08-22 15:18:12,044 - DiagramObjects - INFO - Program started
2019-08-22 15:18:12,044 - DiagramObjects - INFO - Insert DiagramObject...
2019-08-22 15:18:12,050 - DiagramObjects - INFO - Done!
2019-08-22 15:18:12,052 - DiagramObjects - INFO - Program started
2019-08-22 15:18:12,052 - DiagramObjects - INFO - Delete diagramobject by instance_id...
2019-08-22 15:18:12,054 - DiagramObjects - INFO - Done!
2019-08-22 15:18:12,057 - DiagramObjects - INFO - Program started
2019-08-22 15:18:12,057 - DiagramObjects - INFO - Update diagramobject by id
2019-08-22 15:18:12,058 - DiagramObjects - INFO - Done!
2019-08-22 15:19:07,837 - DiagramObjects - INFO - Program started
2019-08-22 15:19:07,837 - DiagramObjects - INFO - Insert DiagramObject...
2019-08-22 15:19:07,840 - DiagramObjects - INFO - Get diagramobject by instance_id...
2019-08-22 15:19:07,844 - DiagramObjects - INFO - [(33, 101, 100)]
2019-08-22 15:19:07,844 - DiagramObjects - INFO - Done!
2019-08-22 15:19:07,848 - DiagramObjects - INFO - Program started
2019-08-22 15:19:07,848 - DiagramObjects - INFO - Delete diagramobject by instance_id...
2019-08-22 15:19:07,848 - DiagramObjects - INFO - Get diagramobject by instance_id...
2019-08-22 15:19:07,849 - DiagramObjects - INFO - [(32, 101, 100)]
2019-08-22 15:19:07,851 - DiagramObjects - INFO - Done!
2019-08-22 15:19:07,855 - DiagramObjects - INFO - Program started
2019-08-22 15:19:07,855 - DiagramObjects - INFO - Update diagramobject by id
2019-08-22 15:19:07,856 - DiagramObjects - INFO - Get diagramobject by instance_id...
2019-08-22 15:19:07,857 - DiagramObjects - INFO - [(2, 110, 111)]
2019-08-22 15:19:07,857 - DiagramObjects - INFO - Done!
2019-08-22 15:22:06,177 - Object - INFO - Program started
2019-08-22 15:22:06,177 - Object - INFO - Insert Object...
2019-08-22 15:22:06,179 - Object - INFO - Get object by ea_guid
2019-08-22 15:22:06,182 - Object - INFO - [(188, 'example', 'example', 1, '1', datetime.datetime(2019, 8, 22, 15, 22, 6), datetime.datetime(2019, 8, 22, 15, 22, 6))]
2019-08-22 15:22:06,183 - Object - INFO - Done!
2019-08-22 15:22:06,186 - Object - INFO - Program started
2019-08-22 15:22:06,186 - Object - INFO - Delete object by ea_guid
2019-08-22 15:22:06,186 - Object - INFO - Get object by ea_guid
2019-08-22 15:22:06,187 - Object - INFO - []
2019-08-22 15:22:06,191 - Object - INFO - Program started
2019-08-22 15:22:06,191 - Object - INFO - Update object...
2019-08-22 15:22:06,193 - Object - INFO - Get object by id
2019-08-22 15:22:06,194 - Object - INFO - [(3, 'executable', 'second', None)]
2019-08-22 15:22:06,195 - Object - INFO - Done!
2019-08-22 15:22:34,536 - Object - INFO - Program started
2019-08-22 15:22:34,536 - Object - INFO - Insert Object...
2019-08-22 15:22:34,538 - Object - INFO - Get object by ea_guid
2019-08-22 15:22:34,538 - Object - INFO - [(189, 'example', 'example', 1, '1', datetime.datetime(2019, 8, 22, 15, 22, 35), datetime.datetime(2019, 8, 22, 15, 22, 35))]
2019-08-22 15:22:34,541 - Object - INFO - Done!
2019-08-22 15:22:34,544 - Object - INFO - Program started
2019-08-22 15:22:34,544 - Object - INFO - Delete object by ea_guid
2019-08-22 15:22:34,544 - Object - INFO - Get object by ea_guid
2019-08-22 15:22:34,545 - Object - INFO - [(11, 'Package2', None, 0, None, None, None)]
2019-08-22 15:22:34,546 - Object - INFO - Done!
2019-08-22 15:22:34,549 - Object - INFO - Program started
2019-08-22 15:22:34,549 - Object - INFO - Update object...
2019-08-22 15:22:34,552 - Object - INFO - Get object by id
2019-08-22 15:22:34,553 - Object - INFO - [(3, 'executable', 'second', None)]
2019-08-22 15:22:34,553 - Object - INFO - Done!
2019-08-22 15:33:27,230 - Object - INFO - Program started
2019-08-22 15:33:27,232 - Object - INFO - Insert Object...
2019-08-22 15:33:27,235 - Object - INFO - Get object by ea_guid
2019-08-22 15:33:27,237 - Object - INFO - [(190, 'example', 'example', 1, '1', datetime.datetime(2019, 8, 22, 15, 33, 27), datetime.datetime(2019, 8, 22, 15, 33, 27))]
2019-08-22 15:33:27,239 - Object - INFO - Done!
2019-08-22 15:33:27,244 - Object - INFO - Program started
2019-08-22 15:33:27,244 - Object - INFO - Delete object by ea_guid
2019-08-22 15:33:27,244 - Object - INFO - Get object by ea_guid
2019-08-22 15:33:27,246 - Object - INFO - []
2019-08-22 15:33:27,254 - Object - INFO - Program started
2019-08-22 15:33:27,254 - Object - INFO - Update object...
2019-08-22 15:33:27,256 - Object - INFO - Get object by id
2019-08-22 15:33:27,257 - Object - INFO - [(3, 'executable', 'second', None)]
2019-08-22 15:33:27,258 - Object - INFO - Done!
2019-08-22 15:34:04,144 - Package - INFO - Program started
2019-08-22 15:34:04,144 - Package - INFO - Delete package by ea_guid
2019-08-22 15:34:04,145 - Package - INFO - Get package by ea_guid
2019-08-22 15:34:04,146 - Package - INFO - [(18, 'Package6', 'something11', None, None)]
2019-08-22 15:34:04,147 - Package - INFO - Done!
2019-08-22 15:34:04,150 - Package - INFO - Program started
2019-08-22 15:34:04,150 - Package - INFO - Insert package...
2019-08-22 15:34:04,152 - Package - INFO - Get package by ea_guid
2019-08-22 15:34:04,154 - Package - INFO - [(144, 'Test', None, datetime.datetime(2019, 8, 22, 15, 34, 4), datetime.datetime(2019, 8, 22, 15, 34, 4))]
2019-08-22 15:34:04,155 - Object - INFO - Insert Object...
2019-08-22 15:34:04,159 - Object - INFO - Get object by ea_guid
2019-08-22 15:34:04,269 - Object - INFO - []
2019-08-22 15:34:04,271 - Package - INFO - [(144, 'Test', None, datetime.datetime(2019, 8, 22, 15, 34, 4), datetime.datetime(2019, 8, 22, 15, 34, 4))]
2019-08-22 15:34:04,272 - Object - INFO - Get object by ea_guid
2019-08-22 15:34:04,278 - Object - INFO - [(191, 'Test', None, 1, '144', datetime.datetime(2019, 8, 22, 15, 34, 4), datetime.datetime(2019, 8, 22, 15, 34, 4))]
2019-08-22 15:34:04,278 - Package - INFO - Done!
2019-08-22 15:34:04,283 - Package - INFO - Program started
2019-08-22 15:34:04,283 - Package - INFO - Update package...
2019-08-22 15:34:04,285 - Object - INFO - Update object...
2019-08-22 15:34:04,289 - Object - INFO - Get object by id
2019-08-22 15:34:04,292 - Object - INFO - [(1, 'executable', 'NewPackage', '2')]
2019-08-22 15:34:04,294 - Package - INFO - Done!
2019-08-22 15:35:52,530 - Package - INFO - Program started
2019-08-22 15:35:52,530 - Package - INFO - Delete package by ea_guid
2019-08-22 15:35:52,531 - Package - INFO - Get package by ea_guid
2019-08-22 15:35:52,533 - Package - INFO - [(15, 'Package5', 'something10', None, None)]
2019-08-22 15:35:52,536 - Object - INFO - Delete object by ea_guid
2019-08-22 15:35:52,536 - Object - INFO - Get object by ea_guid
2019-08-22 15:35:52,537 - Object - INFO - [(15, 'Package5', 'stereotype11', 15, None, None, None)]
2019-08-22 15:35:52,539 - Package - INFO - Done!
2019-08-22 15:35:52,542 - Package - INFO - Program started
2019-08-22 15:35:52,543 - Package - INFO - Insert package...
2019-08-22 15:35:52,546 - Package - INFO - Get package by ea_guid
2019-08-22 15:35:52,555 - Package - INFO - [(145, 'Test', None, datetime.datetime(2019, 8, 22, 15, 35, 53), datetime.datetime(2019, 8, 22, 15, 35, 53))]
2019-08-22 15:35:52,557 - Object - INFO - Insert Object...
2019-08-22 15:35:52,560 - Object - INFO - Get object by ea_guid
2019-08-22 15:35:52,562 - Object - INFO - []
2019-08-22 15:35:52,564 - Package - INFO - [(145, 'Test', None, datetime.datetime(2019, 8, 22, 15, 35, 53), datetime.datetime(2019, 8, 22, 15, 35, 53))]
2019-08-22 15:35:52,564 - Object - INFO - Get object by ea_guid
2019-08-22 15:35:52,566 - Object - INFO - [(192, 'Test', None, 1, '145', datetime.datetime(2019, 8, 22, 15, 35, 53), datetime.datetime(2019, 8, 22, 15, 35, 53))]
2019-08-22 15:35:52,566 - Package - INFO - Done!
2019-08-22 15:35:52,568 - Package - INFO - Program started
2019-08-22 15:35:52,569 - Package - INFO - Update package...
2019-08-22 15:35:52,569 - Object - INFO - Update object...
2019-08-22 15:35:52,572 - Object - INFO - Get object by id
2019-08-22 15:35:52,575 - Object - INFO - [(1, 'executable', 'NewPackage', '2')]
2019-08-22 15:35:52,577 - Package - INFO - Done!
2019-08-22 15:38:53,501 - Package - INFO - Program started
2019-08-22 15:38:53,501 - Package - INFO - Delete package by ea_guid
2019-08-22 15:38:53,501 - Package - INFO - Get package by ea_guid
2019-08-22 15:38:53,502 - Package - INFO - [(11, 'Package4', 'something9', None, None)]
2019-08-22 15:38:53,507 - Object - INFO - Delete object by ea_guid
2019-08-22 15:38:53,507 - Object - INFO - Get object by ea_guid
2019-08-22 15:38:53,508 - Object - INFO - [(14, 'Package4', 'stereotype10', 11, None, None, None)]
2019-08-22 15:38:53,510 - Package - INFO - Done!
2019-08-22 15:38:53,513 - Package - INFO - Program started
2019-08-22 15:38:53,513 - Package - INFO - Insert package...
2019-08-22 15:38:53,516 - Package - INFO - Get package by ea_guid
2019-08-22 15:38:53,519 - Package - INFO - [(146, 'Test', None, datetime.datetime(2019, 8, 22, 15, 38, 54), datetime.datetime(2019, 8, 22, 15, 38, 54))]
2019-08-22 15:38:53,520 - Object - INFO - Insert Object...
2019-08-22 15:38:53,524 - Object - INFO - Get object by ea_guid
2019-08-22 15:38:53,527 - Object - INFO - []
2019-08-22 15:38:53,529 - Package - INFO - [(146, 'Test', None, datetime.datetime(2019, 8, 22, 15, 38, 54), datetime.datetime(2019, 8, 22, 15, 38, 54))]
2019-08-22 15:38:53,529 - Object - INFO - Get object by ea_guid
2019-08-22 15:38:53,532 - Object - INFO - [(193, 'Test', None, 1, '146', datetime.datetime(2019, 8, 22, 15, 38, 54), datetime.datetime(2019, 8, 22, 15, 38, 54))]
2019-08-22 15:38:53,533 - Package - INFO - Done!
2019-08-22 15:38:53,536 - Package - INFO - Program started
2019-08-22 15:38:53,536 - Package - INFO - Update package...
2019-08-22 15:38:53,537 - Object - INFO - Update object...
2019-08-22 15:38:53,540 - Object - INFO - Get object by id
2019-08-22 15:38:53,544 - Object - INFO - [(1, 'executable', 'NewPackage', '2')]
2019-08-22 15:38:53,550 - Package - INFO - Done!
2019-08-23 15:37:27,337 - Attribute - INFO - Program started
2019-08-23 15:37:27,337 - Attribute - INFO - Insert attribute...
2019-08-23 15:37:27,396 - Attribute - INFO - Get attribute by ea_guid
2019-08-23 15:37:27,416 - Attribute - INFO - [(46, 1, 'first_attibute')]
2019-08-23 15:37:27,417 - Attribute - INFO - Done!
2019-08-23 15:37:27,423 - Attribute - INFO - Program started
2019-08-23 15:37:27,423 - Attribute - INFO - Delete attribute by ea_guid
2019-08-23 15:37:27,423 - Attribute - INFO - Get attribute by ea_guid
2019-08-23 15:37:27,424 - Attribute - INFO - []
2019-08-23 15:37:27,428 - Attribute - INFO - Done!
2019-08-23 15:37:27,430 - Attribute - INFO - Program started
2019-08-23 15:37:27,430 - Attribute - INFO - Update attribute...
2019-08-23 15:37:27,433 - Attribute - INFO - Get attribute by id
2019-08-23 15:37:27,434 - Attribute - INFO - [(1, 3, 'second')]
2019-08-23 15:37:27,434 - Attribute - INFO - Done!
2019-08-23 15:39:09,135 - Attribute - INFO - Program started
2019-08-23 15:39:09,135 - Attribute - INFO - Insert attribute...
2019-08-23 15:39:09,139 - Attribute - INFO - Get attribute by ea_guid
2019-08-23 15:39:09,141 - Attribute - INFO - [(47, 1, 'first_attibute')]
2019-08-23 15:39:09,141 - Attribute - INFO - Done!
2019-08-23 15:39:09,144 - Attribute - INFO - Program started
2019-08-23 15:39:09,144 - Attribute - INFO - Delete attribute by ea_guid
2019-08-23 15:39:09,144 - Attribute - INFO - Get attribute by ea_guid
2019-08-23 15:39:09,146 - Attribute - INFO - []
2019-08-23 15:39:09,147 - Attribute - INFO - Done!
2019-08-23 15:39:09,151 - Attribute - INFO - Program started
2019-08-23 15:39:09,152 - Attribute - INFO - Update attribute...
2019-08-23 15:39:09,153 - Attribute - INFO - Get attribute by id
2019-08-23 15:39:09,154 - Attribute - INFO - [(1, 3, 'second')]
2019-08-23 15:39:09,154 - Attribute - INFO - Done!
2019-08-23 15:39:16,712 - Attribute - INFO - Program started
2019-08-23 15:39:16,713 - Attribute - INFO - Insert attribute...
2019-08-23 15:39:16,717 - Attribute - INFO - Get attribute by ea_guid
2019-08-23 15:39:16,718 - Attribute - INFO - [(48, 1, 'first_attibute')]
2019-08-23 15:39:16,719 - Attribute - INFO - Done!
2019-08-23 15:39:16,724 - Attribute - INFO - Program started
2019-08-23 15:39:16,724 - Attribute - INFO - Delete attribute by ea_guid
2019-08-23 15:39:16,724 - Attribute - INFO - Get attribute by ea_guid
2019-08-23 15:39:16,726 - Attribute - INFO - []
2019-08-23 15:39:16,728 - Attribute - INFO - Done!
2019-08-23 15:39:16,734 - Attribute - INFO - Program started
2019-08-23 15:39:16,734 - Attribute - INFO - Update attribute...
2019-08-23 15:39:16,741 - Attribute - INFO - Get attribute by id
2019-08-23 15:39:16,743 - Attribute - INFO - [(1, 3, 'second')]
2019-08-23 15:39:16,743 - Attribute - INFO - Done!
